<?xml version="1.0" encoding="UTF-8"?>
<coverage generated="1632923597131" clover="3.2.0">
  <project timestamp="1632923597131" name="All files">
    <metrics statements="8" coveredstatements="0" conditionals="0" coveredconditionals="0" methods="1" coveredmethods="0" elements="9" coveredelements="0" complexity="0" loc="8" ncloc="8" packages="2" files="3" classes="3"/>
    <package name="aim">
      <metrics statements="7" coveredstatements="0" conditionals="0" coveredconditionals="0" methods="1" coveredmethods="0"/>
      <file name="babel.config.js" path="/Users/radoslaw.swiat/projects/aim/babel.config.js">
        <metrics statements="5" coveredstatements="0" conditionals="0" coveredconditionals="0" methods="1" coveredmethods="0"/>
        <line num="1" count="0" type="stmt"/>
        <line num="2" count="0" type="stmt"/>
        <line num="7" count="0" type="stmt"/>
        <line num="18" count="0" type="stmt"/>
        <line num="58" count="0" type="stmt"/>
      </file>
      <file name="jest.config.js" path="/Users/radoslaw.swiat/projects/aim/jest.config.js">
        <metrics statements="2" coveredstatements="0" conditionals="0" coveredconditionals="0" methods="0" coveredmethods="0"/>
        <line num="1" count="0" type="stmt"/>
        <line num="3" count="0" type="stmt"/>
      </file>
    </package>
    <package name="aim.dist">
      <metrics statements="1" coveredstatements="0" conditionals="0" coveredconditionals="0" methods="0" coveredmethods="0"/>
      <file name="index.js" path="/Users/radoslaw.swiat/projects/aim/dist/index.js">
        <metrics statements="1" coveredstatements="0" conditionals="0" coveredconditionals="0" methods="0" coveredmethods="0"/>
        <line num="3" count="0" type="stmt"/>
      </file>
    </package>
  </project>
</coverage>
